meronotes/build/app/outputs/mapping/debug/mapping.txt
# compiler: R8
# compiler_version: 1.5.64
# min_api: 16
# pg_map_id: 7f121a4
com.sureshk.meronotes.MainActivity -> com.sureshk.meronotes.MainActivity:
    8:8:void <init>() -> <init>
    10:11:void configureFlutterEngine(io.flutter.embedding.engine.FlutterEngine) -> b
...
com.google.android.gms.internal.firebase_auth.zzbq -> b.a.a.a.d.e.g0:
    com.google.android.gms.internal.firebase_auth.zzbg zzb -> e
    com.google.android.gms.internal.firebase_auth.zzbl zza -> d
    1:4:void <init>(com.google.android.gms.internal.firebase_auth.zzbl,com.google.android.gms.internal.firebase_auth.zzbg) -> <init>
    6:6:int zza(java.lang.Object[],int) -> a
    8:8:boolean contains(java.lang.Object) -> contains
    5:5:com.google.android.gms.internal.firebase_auth.zzbv zzb() -> d
    7:7:com.google.android.gms.internal.firebase_auth.zzbg zzc() -> i
    10:10:java.util.Iterator iterator() -> iterator
    9:9:int size() -> size
com.google.android.gms.internal.firebase_auth.zzbr -> b.a.a.a.d.e.h0:
    com.google.android.gms.internal.firebase_auth.zzbo zza -> d
    1:1:void <init>(com.google.android.gms.internal.firebase_auth.zzbo) -> <init>
    3:11:java.lang.Object get(int) -> get
    2:2:int size() -> size
com.google.android.gms.internal.firebase_auth.zzbs -> b.a.a.a.d.e.i0:
    1:6:int zza(java.util.Set) -> a
    7:14:boolean zza(java.util.Set,java.lang.Object) -> a
com.google.android.gms.internal.firebase_auth.zzbt -> b.a.a.a.d.e.j0:
    java.lang.Object[] zza -> d
    int zzc -> f
    int zzb -> e
    1:5:void <init>(java.lang.Object[],int,int) -> <init>
    6:7:java.lang.Object get(int) -> get
    8:8:int size() -> size
com.google.android.gms.internal.firebase_auth.zzbu -> b.a.a.a.d.e.k0:
    1:1:void <init>() -> <init>
    2:2:void add(java.lang.Object) -> add
    3:3:void set(java.lang.Object) -> set
com.google.android.gms.internal.firebase_auth.zzbv -> b.a.a.a.d.e.l0:
    1:1:void <init>() -> <init>
    2:2:void remove() -> remove
com.google.android.gms.internal.firebase_auth.zzbx -> b.a.a.a.d.e.m0:
    java.lang.String zzb -> c
    java.lang.String zza -> b
    19:19:void <clinit>() -> <clinit>
    1:4:void <init>(java.lang.String,java.lang.String) -> <init>
    7:18:void writeToParcel(android.os.Parcel,int) -> writeToParcel
com.google.android.gms.internal.firebase_auth.zzbz -> b.a.a.a.d.e.n0:
    java.lang.String zzb -> c
    java.lang.String zza -> b
    19:19:void <clinit>() -> <clinit>
    1:4:void <init>(java.lang.String,java.lang.String) -> <init>
    7:18:void writeToParcel(android.os.Parcel,int) -> writeToParcel
com.google.android.gms.internal.firebase_auth.zzca -> b.a.a.a.d.e.o0:
    1:2:void <init>() -> <init>
    6:23:java.lang.Object createFromParcel(android.os.Parcel) -> createFromParcel
    3:5:java.lang.Object[] newArray(int) -> newArray
com.google.android.gms.internal.firebase_auth.zzcc -> b.a.a.a.d.e.p0:
    1:2:void <init>() -> <init>
    6:23:java.lang.Object createFromParcel(android.os.Parcel) -> createFromParcel
    3:5:java.lang.Object[] newArray(int) -> newArray
com.google.android.gms.internal.firebase_auth.zzcd -> b.a.a.a.d.e.q0:
    java.lang.String zzb -> c
    java.lang.String zza -> b
    java.lang.String zzc -> d
    25:25:void <clinit>() -> <clinit>
    1:5:void <init>(java.lang.String,java.lang.String,java.lang.String) -> <init>
    6:6:java.lang.String zza() -> o
    7:7:java.lang.String zzb() -> p
    9:24:void writeToParcel(android.os.Parcel,int) -> writeToParcel
com.google.android.gms.internal.firebase_auth.zzcf -> b.a.a.a.d.e.r0:
    java.lang.String zzb -> c
    java.lang.String zza -> b
    java.lang.String zzc -> d
    25:25:void <clinit>() -> <clinit>
    1:5:void <init>(java.lang.String,java.lang.String,java.lang.String) -> <init>
    6:6:java.lang.String zza() -> o
    7:7:java.lang.String zzb() -> p
    9:24:void writeToParcel(android.os.Parcel,int) -> writeToParcel
com.google.android.gms.internal.firebase_auth.zzcg -> b.a.a.a.d.e.s0:
    1:2:void <init>() -> <init>
    6:27:java.lang.Object createFromParcel(android.os.Parcel) -> createFromParcel
    3:5:java.lang.Object[] newArray(int) -> newArray